<?xml version="1.0" encoding="UTF-8"?>
<!-- Generated by org.testng.reporters.JUnitXMLReporter -->
<testsuite hostname="DESKTOP-3M1HFB0" ignored="0" name="Surefire test" tests="2" failures="0" timestamp="11 Apr 2020 10:53:52 GMT" time="74.875" errors="0">
  <testcase name="verifyUserCanSuccessfullyLogin" time="5.266" classname="com.orangehrmlive.demo.opensource.testsuite.TestCase"/>
  <testcase name="verifyUserCanSuccessfullyLogout" time="6.694" classname="com.orangehrmlive.demo.opensource.testsuite.TestCase"/>
</testsuite> <!-- Surefire test -->
