<?xml version="1.0" encoding="UTF-8"?>
<testng-results skipped="0" failed="0" ignored="0" total="2" passed="2">
  <reporter-output>
  </reporter-output>
  <suite name="Surefire suite" duration-ms="74875" started-at="2020-04-11T10:52:37Z" finished-at="2020-04-11T10:53:52Z">
    <groups>
    </groups>
    <test name="Surefire test" duration-ms="74875" started-at="2020-04-11T10:52:37Z" finished-at="2020-04-11T10:53:52Z">
      <class name="com.orangehrmlive.demo.opensource.testsuite.TestCase">
        <test-method status="PASS" signature="openBrowser()[pri:0, instance:com.orangehrmlive.demo.opensource.testsuite.TestCase@4909b8da]" name="openBrowser" is-config="true" duration-ms="44101" started-at="2020-04-11T10:52:37Z" finished-at="2020-04-11T10:53:21Z">
          <reporter-output>
          </reporter-output>
        </test-method> <!-- openBrowser -->
        <test-method status="PASS" signature="verifyUserCanSuccessfullyLogin()[pri:0, instance:com.orangehrmlive.demo.opensource.testsuite.TestCase@4909b8da]" name="verifyUserCanSuccessfullyLogin" duration-ms="5266" started-at="2020-04-11T10:53:21Z" finished-at="2020-04-11T10:53:26Z">
          <reporter-output>
          </reporter-output>
        </test-method> <!-- verifyUserCanSuccessfullyLogin -->
        <test-method status="PASS" signature="closeBrowser()[pri:0, instance:com.orangehrmlive.demo.opensource.testsuite.TestCase@4909b8da]" name="closeBrowser" is-config="true" duration-ms="1533" started-at="2020-04-11T10:53:26Z" finished-at="2020-04-11T10:53:28Z">
          <reporter-output>
          </reporter-output>
        </test-method> <!-- closeBrowser -->
        <test-method status="PASS" signature="openBrowser()[pri:0, instance:com.orangehrmlive.demo.opensource.testsuite.TestCase@4909b8da]" name="openBrowser" is-config="true" duration-ms="15519" started-at="2020-04-11T10:53:28Z" finished-at="2020-04-11T10:53:43Z">
          <reporter-output>
          </reporter-output>
        </test-method> <!-- openBrowser -->
        <test-method status="PASS" signature="verifyUserCanSuccessfullyLogout()[pri:0, instance:com.orangehrmlive.demo.opensource.testsuite.TestCase@4909b8da]" name="verifyUserCanSuccessfullyLogout" duration-ms="6694" started-at="2020-04-11T10:53:43Z" finished-at="2020-04-11T10:53:50Z">
          <reporter-output>
          </reporter-output>
        </test-method> <!-- verifyUserCanSuccessfullyLogout -->
        <test-method status="PASS" signature="closeBrowser()[pri:0, instance:com.orangehrmlive.demo.opensource.testsuite.TestCase@4909b8da]" name="closeBrowser" is-config="true" duration-ms="1647" started-at="2020-04-11T10:53:50Z" finished-at="2020-04-11T10:53:52Z">
          <reporter-output>
          </reporter-output>
        </test-method> <!-- closeBrowser -->
      </class> <!-- com.orangehrmlive.demo.opensource.testsuite.TestCase -->
    </test> <!-- Surefire test -->
  </suite> <!-- Surefire suite -->
</testng-results>
